<?xml version="1.0" encoding="UTF-8"?>
<!-- Generated by org.testng.reporters.JUnitReportReporter -->
<testsuite hostname="Manul-W" failures="0" tests="4" name="framework.testCases.TC_LoginDDT_02" time="12.306" errors="0" timestamp="2021-08-28T05:17:12 IST" skipped="0">
  <testcase classname="framework.testCases.TC_LoginDDT_02" name="loginDDT" time="2.922"/>
  <system-out/>
  <testcase classname="framework.testCases.TC_LoginDDT_02" name="loginDDT" time="3.383"/>
  <system-out/>
  <testcase classname="framework.testCases.TC_LoginDDT_02" name="loginDDT" time="3.055"/>
  <system-out/>
  <testcase classname="framework.testCases.TC_LoginDDT_02" name="loginDDT" time="2.946"/>
  <system-out/>
</testsuite> <!-- framework.testCases.TC_LoginDDT_02 -->
