<?xml version="1.0" encoding="UTF-8"?>
<!-- Generated by org.testng.reporters.JUnitReportReporter -->
<testsuite hostname="Manul-W" failures="0" tests="4" name="framework.testCases.TC_LoginDDT_02" time="6.679" errors="0" timestamp="2021-08-28T04:59:27 IST" skipped="0">
  <testcase classname="framework.testCases.TC_LoginDDT_02" name="loginDDT" time="1.138"/>
  <system-out/>
  <testcase classname="framework.testCases.TC_LoginDDT_02" name="loginDDT" time="2.380"/>
  <system-out/>
  <testcase classname="framework.testCases.TC_LoginDDT_02" name="loginDDT" time="1.965"/>
  <system-out/>
  <testcase classname="framework.testCases.TC_LoginDDT_02" name="loginDDT" time="1.196"/>
  <system-out/>
</testsuite> <!-- framework.testCases.TC_LoginDDT_02 -->
