<?xml version="1.0" encoding="UTF-8"?>
<!-- Generated by org.testng.reporters.JUnitReportReporter -->
<testsuite hostname="Manul-W" failures="0" tests="4" name="framework.testCases.TC_LoginDDT_02" time="21.817" errors="0" timestamp="2021-08-28T05:29:25 IST" skipped="0">
  <testcase classname="framework.testCases.TC_LoginDDT_02" name="loginDDT" time="3.987"/>
  <system-out/>
  <testcase classname="framework.testCases.TC_LoginDDT_02" name="loginDDT" time="9.839"/>
  <system-out/>
  <testcase classname="framework.testCases.TC_LoginDDT_02" name="loginDDT" time="4.027"/>
  <system-out/>
  <testcase classname="framework.testCases.TC_LoginDDT_02" name="loginDDT" time="3.964"/>
  <system-out/>
</testsuite> <!-- framework.testCases.TC_LoginDDT_02 -->
